INFO: [VRFC 10-2263] Analyzing Verilog file "C:/Users/DeLL/Desktop/Microprocessor/multicycle_mips/multicycle_mips.srcs/sources_1/new/ALUOut_reg.v" into library xil_defaultlib
INFO: [VRFC 10-311] analyzing module ALUOut_reg
INFO: [VRFC 10-2263] Analyzing Verilog file "C:/Users/DeLL/Desktop/Microprocessor/multicycle_mips/multicycle_mips.srcs/sources_1/new/ALU_Reg.v" into library xil_defaultlib
INFO: [VRFC 10-311] analyzing module ALU_Reg
INFO: [VRFC 10-2263] Analyzing Verilog file "C:/Users/DeLL/Desktop/Microprocessor/multicycle_mips/multicycle_mips.srcs/sources_1/new/Instruction_Register.v" into library xil_defaultlib
INFO: [VRFC 10-311] analyzing module Instruction_Register
INFO: [VRFC 10-2263] Analyzing Verilog file "C:/Users/DeLL/Desktop/Microprocessor/multicycle_mips/multicycle_mips.srcs/sources_1/new/Memory_Data_Register.v" into library xil_defaultlib
INFO: [VRFC 10-311] analyzing module Memory_Data_Register
INFO: [VRFC 10-2263] Analyzing Verilog file "C:/Users/DeLL/Desktop/Microprocessor/multicycle_mips/multicycle_mips.srcs/sources_1/new/alu_control.v" into library xil_defaultlib
INFO: [VRFC 10-311] analyzing module alu_control
INFO: [VRFC 10-2263] Analyzing Verilog file "C:/Users/DeLL/Desktop/Microprocessor/multicycle_mips/multicycle_mips.srcs/sources_1/new/alu_main.v" into library xil_defaultlib
INFO: [VRFC 10-311] analyzing module alu_main
INFO: [VRFC 10-2263] Analyzing Verilog file "C:/Users/DeLL/Desktop/Microprocessor/multicycle_mips/multicycle_mips.srcs/sources_1/new/alu_mux.v" into library xil_defaultlib
INFO: [VRFC 10-311] analyzing module alu_mux
INFO: [VRFC 10-2263] Analyzing Verilog file "C:/Users/DeLL/Desktop/Microprocessor/multicycle_mips/multicycle_mips.srcs/sources_1/new/controller.v" into library xil_defaultlib
INFO: [VRFC 10-311] analyzing module controller
INFO: [VRFC 10-2263] Analyzing Verilog file "C:/Users/DeLL/Desktop/Microprocessor/multicycle_mips/multicycle_mips.srcs/sources_1/new/datapath.v" into library xil_defaultlib
INFO: [VRFC 10-311] analyzing module datapath
INFO: [VRFC 10-2263] Analyzing Verilog file "C:/Users/DeLL/Desktop/Microprocessor/multicycle_mips/multicycle_mips.srcs/sources_1/new/demux.v" into library xil_defaultlib
INFO: [VRFC 10-311] analyzing module demux
INFO: [VRFC 10-2263] Analyzing Verilog file "C:/Users/DeLL/Desktop/Microprocessor/multicycle_mips/multicycle_mips.srcs/sources_1/new/dff_en.v" into library xil_defaultlib
INFO: [VRFC 10-311] analyzing module dff_en
INFO: [VRFC 10-2263] Analyzing Verilog file "C:/Users/DeLL/Desktop/Microprocessor/multicycle_mips/multicycle_mips.srcs/sources_1/new/memory.v" into library xil_defaultlib
INFO: [VRFC 10-311] analyzing module memory
INFO: [VRFC 10-2263] Analyzing Verilog file "C:/Users/DeLL/Desktop/Microprocessor/multicycle_mips/multicycle_mips.srcs/sources_1/new/pc_mux.v" into library xil_defaultlib
INFO: [VRFC 10-311] analyzing module pc_mux
INFO: [VRFC 10-2263] Analyzing Verilog file "C:/Users/DeLL/Desktop/Microprocessor/multicycle_mips/multicycle_mips.srcs/sources_1/new/processor.v" into library xil_defaultlib
INFO: [VRFC 10-311] analyzing module processor
INFO: [VRFC 10-2263] Analyzing Verilog file "C:/Users/DeLL/Desktop/Microprocessor/multicycle_mips/multicycle_mips.srcs/sources_1/new/program_counter.v" into library xil_defaultlib
INFO: [VRFC 10-311] analyzing module program_counter
INFO: [VRFC 10-2263] Analyzing Verilog file "C:/Users/DeLL/Desktop/Microprocessor/multicycle_mips/multicycle_mips.srcs/sources_1/new/reg_file.v" into library xil_defaultlib
INFO: [VRFC 10-311] analyzing module reg_file
INFO: [VRFC 10-2263] Analyzing Verilog file "C:/Users/DeLL/Desktop/Microprocessor/multicycle_mips/multicycle_mips.srcs/sources_1/new/register.v" into library xil_defaultlib
INFO: [VRFC 10-311] analyzing module register
INFO: [VRFC 10-2263] Analyzing Verilog file "C:/Users/DeLL/Desktop/Microprocessor/multicycle_mips/multicycle_mips.srcs/sim_1/new/processor_tb.v" into library xil_defaultlib
INFO: [VRFC 10-311] analyzing module processor_tb
